0 info it worked if it ends with ok
1 verbose cli [ 'node', '/Users/jdouglas/.nvm/v0.10.21/bin/npm', 'publish' ]
2 info using npm@2.0.0-beta.0
3 info using node@v0.10.21
4 verbose publish [ '.' ]
5 verbose cache add [ '.', null ]
6 verbose cache add spec="." args=[".",null]
7 verbose cache add local package /Users/jdouglas/github/ICG/icg-cron-service-manager
8 silly lockFile 3a52ce78- .
9 verbose lock . /Users/jdouglas/.npm/3a52ce78-.lock
10 verbose tar pack [ '/Users/jdouglas/.npm/icg-cron-service-manager/0.2.2/package.tgz',
10 verbose tar pack   '.' ]
11 verbose tarball /Users/jdouglas/.npm/icg-cron-service-manager/0.2.2/package.tgz
12 verbose folder .
13 info prepublish icg-cron-service-manager@0.2.2
14 silly lockFile 1f1177db-tar tar://.
15 verbose lock tar://. /Users/jdouglas/.npm/1f1177db-tar.lock
16 silly lockFile 7c4acf54-ervice-manager-0-2-2-package-tgz tar:///Users/jdouglas/.npm/icg-cron-service-manager/0.2.2/package.tgz
17 verbose lock tar:///Users/jdouglas/.npm/icg-cron-service-manager/0.2.2/package.tgz /Users/jdouglas/.npm/7c4acf54-ervice-manager-0-2-2-package-tgz.lock
18 silly lockFile 1f1177db-tar tar://.
19 silly lockFile 1f1177db-tar tar://.
20 silly lockFile 7c4acf54-ervice-manager-0-2-2-package-tgz tar:///Users/jdouglas/.npm/icg-cron-service-manager/0.2.2/package.tgz
21 silly lockFile 7c4acf54-ervice-manager-0-2-2-package-tgz tar:///Users/jdouglas/.npm/icg-cron-service-manager/0.2.2/package.tgz
22 silly lockFile d1ece718-on-service-manager-0-2-2-package /Users/jdouglas/.npm/icg-cron-service-manager/0.2.2/package
23 verbose lock /Users/jdouglas/.npm/icg-cron-service-manager/0.2.2/package /Users/jdouglas/.npm/d1ece718-on-service-manager-0-2-2-package.lock
24 silly lockFile d1ece718-on-service-manager-0-2-2-package /Users/jdouglas/.npm/icg-cron-service-manager/0.2.2/package
25 silly lockFile d1ece718-on-service-manager-0-2-2-package /Users/jdouglas/.npm/icg-cron-service-manager/0.2.2/package
26 silly lockFile 3a52ce78- .
27 silly lockFile 3a52ce78- .
28 silly publish { name: 'icg-cron-service-manager',
28 silly publish   version: '0.2.2',
28 silly publish   description: 'ICG Cron Service Manager',
28 silly publish   main: 'icg-cron-service-manager.js',
28 silly publish   scripts: { test: 'echo "Error: no test specified" && exit 1' },
28 silly publish   repository:
28 silly publish    { type: 'git',
28 silly publish      url: 'git://github.com/ICGGroup/icg-cron-service-manager.git' },
28 silly publish   author: '',
28 silly publish   license: 'MIT',
28 silly publish   bugs: { url: 'https://github.com/ICGGroup/icg-cron-service-manager/issues' },
28 silly publish   homepage: 'https://github.com/ICGGroup/icg-cron-service-manager',
28 silly publish   dependencies:
28 silly publish    { async: '^0.9.0',
28 silly publish      cron: '^1.0.4',
28 silly publish      'icg-rest-client': '^0.1.0',
28 silly publish      lodash: '^2.4.1' },
28 silly publish   readme: '## ICG Cron Service Manager\n\n### Required Configuration\n\nThe following configuration elements are required:\n\n    config: {\n      apiBaseUrl: "http://localhost:3000",\n      sessionPath: "ap/sessions",\n      credentials: {\n        user: "USER"\n        password: "SECRET"\n      }\n      job: [...]\n    }\n\n\n### Job Configuration\n\n\n    config: {\n      jobs: [\n        cron:"* 5 * * * * *",\n        job: {\n          name:"Do Something",\n          script: "./job-assignment"\n        }\n      ]\n    }\n\n\n### Workers\n\nWorkers are exported functions that accept 3 parameters, job options, a config object and a callback.  Note:  Workers must call the callback or subsequent runs will be aborted.  This is to prevent two jobs from overlapping.\n',
28 silly publish   readmeFilename: 'README.md',
28 silly publish   gitHead: 'd37256f14249b027a17c898434981be5ad0c31ef',
28 silly publish   _id: 'icg-cron-service-manager@0.2.2',
28 silly publish   _shasum: 'e9cf2bcc0e799816d4f7fbec71d09301e8d13848',
28 silly publish   _from: '.' }
29 verbose mapToRegistry name icg-cron-service-manager
30 verbose mapToRegistry uri https://registry.npmjs.org/icg-cron-service-manager
31 verbose publish registryBase https://registry.npmjs.org/
32 verbose request on initialization, where is /icg-cron-service-manager
33 verbose request after pass 1, where is /icg-cron-service-manager
34 verbose request url raw /icg-cron-service-manager
35 verbose request resolving registry [ 'https://registry.npmjs.org/', './icg-cron-service-manager' ]
36 verbose request after pass 2, where is https://registry.npmjs.org/icg-cron-service-manager
37 info retrier registry request attempt 1 at 08:54:02
38 verbose request id c35c806952799c03
39 http request PUT https://registry.npmjs.org/icg-cron-service-manager
40 http 403 https://registry.npmjs.org/icg-cron-service-manager
41 verbose headers { date: 'Sun, 31 Aug 2014 15:54:04 GMT',
41 verbose headers   server: 'CouchDB/1.5.0 (Erlang OTP/R14B04)',
41 verbose headers   'content-type': 'application/json',
41 verbose headers   'cache-control': 'max-age=60',
41 verbose headers   'content-length': '3438',
41 verbose headers   'accept-ranges': 'bytes',
41 verbose headers   via: '1.1 varnish',
41 verbose headers   'x-served-by': 'cache-dfw1822-DFW',
41 verbose headers   'x-cache': 'MISS',
41 verbose headers   'x-cache-hits': '0',
41 verbose headers   'x-timer': 'S1409500443.856930,VS0,VE244',
41 verbose headers   'keep-alive': 'timeout=10, max=50',
41 verbose headers   connection: 'Keep-Alive' }
42 error publish Failed PUT 403
43 error Error: forbidden cannot modify pre-existing version: 0.2.2
43 error old={"name":"icg-cron-service-manager","version":"0.2.2","description":"ICG Cron Service Manager","main":"icg-cron-service-manager.js","scripts":{"test":"echo \"Error: no test specified\" && exit 1"},"repository":{"type":"git","url":"git://github.com/ICGGroup/icg-cron-service-manager.git"},"author":"","license":"MIT","bugs":{"url":"https://github.com/ICGGroup/icg-cron-service-manager/issues"},"homepage":"https://github.com/ICGGroup/icg-cron-service-manager","dependencies":{"async":"^0.9.0","cron":"^1.0.4","icg-rest-client":"^0.1.0","lodash":"^2.4.1"},"gitHead":"26e6dd325181da8a88704e4674e984958ed8320c","_id":"icg-cron-service-manager@0.2.2","_shasum":"fdcd7eab5eab66750457c5999e9feaf07a809b1b","_from":".","_npmVersion":"2.0.0-beta.0","_npmUser":{"name":"trimeego","email":"jason.douglas@trimeego.com"},"maintainers":[{"name":"trimeego","email":"jason.douglas@trimeego.com"}],"dist":{"shasum":"fdcd7eab5eab66750457c5999e9feaf07a809b1b","tarball":"http://registry.npmjs.org/icg-cron-service-manager/-/icg-cron-service-manager-0.2.2.tgz"}}
43 error new={"name":"icg-cron-service-manager","version":"0.2.2","description":"ICG Cron Service Manager","main":"icg-cron-service-manager.js","scripts":{"test":"echo \"Error: no test specified\" && exit 1"},"repository":{"type":"git","url":"git://github.com/ICGGroup/icg-cron-service-manager.git"},"author":"","license":"MIT","bugs":{"url":"https://github.com/ICGGroup/icg-cron-service-manager/issues"},"homepage":"https://github.com/ICGGroup/icg-cron-service-manager","dependencies":{"async":"^0.9.0","cron":"^1.0.4","icg-rest-client":"^0.1.0","lodash":"^2.4.1"},"readme":"## ICG Cron Service Manager\u000a\u000a### Required Configuration\u000a\u000aThe following configuration elements are required:\u000a\u000a    config: {\u000a      apiBaseUrl: \"http://localhost:3000\",\u000a      sessionPath: \"ap/sessions\",\u000a      credentials: {\u000a        user: \"USER\"\u000a        password: \"SECRET\"\u000a      }\u000a      job: [...]\u000a    }\u000a\u000a\u000a### Job Configuration\u000a\u000a\u000a    config: {\u000a      jobs: [\u000a        cron:\"* 5 * * * * *\",\u000a        job: {\u000a          name:\"Do Something\",\u000a          script: \"./job-assignment\"\u000a        }\u000a      ]\u000a    }\u000a\u000a\u000a### Workers\u000a\u000aWorkers are exported functions that accept 3 parameters, job options, a config object and a callback.  Note:  Workers must call the callback or subsequent runs will be aborted.  This is to prevent two jobs from overlapping.\u000a","readmeFilename":"README.md","gitHead":"d37256f14249b027a17c898434981be5ad0c31ef","_id":"icg-cron-service-manager@0.2.2","_shasum":"e9cf2bcc0e799816d4f7fbec71d09301e8d13848","_from":".","_npmVersion":"2.0.0-beta.0","_npmUser":{"name":"trimeego","email":"jason.douglas@trimeego.com"},"maintainers":[{"name":"trimeego","email":"jason.douglas@trimeego.com"}],"dist":{"shasum":"e9cf2bcc0e799816d4f7fbec71d09301e8d13848","tarball":"http://registry.npmjs.org/icg-cron-service-manager/-/icg-cron-service-manager-0.2.2.tgz"}}: icg-cron-service-manager
43 error     at RegClient.<anonymous> (/Users/jdouglas/.nvm/v0.10.21/lib/node_modules/npm/node_modules/npm-registry-client/lib/request.js:245:14)
43 error     at Request._callback (/Users/jdouglas/.nvm/v0.10.21/lib/node_modules/npm/node_modules/npm-registry-client/lib/request.js:183:65)
43 error     at Request.self.callback (/Users/jdouglas/.nvm/v0.10.21/lib/node_modules/npm/node_modules/request/request.js:123:22)
43 error     at Request.EventEmitter.emit (events.js:98:17)
43 error     at Request.<anonymous> (/Users/jdouglas/.nvm/v0.10.21/lib/node_modules/npm/node_modules/request/request.js:1047:14)
43 error     at Request.EventEmitter.emit (events.js:117:20)
43 error     at IncomingMessage.<anonymous> (/Users/jdouglas/.nvm/v0.10.21/lib/node_modules/npm/node_modules/request/request.js:998:12)
43 error     at IncomingMessage.EventEmitter.emit (events.js:117:20)
43 error     at _stream_readable.js:920:16
43 error     at process._tickCallback (node.js:415:13)
44 error If you need help, you may report this *entire* log,
44 error including the npm and node versions, at:
44 error     <http://github.com/npm/npm/issues>
45 error System Darwin 13.3.0
46 error command "node" "/Users/jdouglas/.nvm/v0.10.21/bin/npm" "publish"
47 error cwd /Users/jdouglas/github/ICG/icg-cron-service-manager
48 error node -v v0.10.21
49 error npm -v 2.0.0-beta.0
50 verbose exit [ 1, true ]
